<?xml version="1.0" encoding="UTF-8"?>
<coverage generated="1572346432814" clover="3.2.0">
  <project timestamp="1572346432814" name="All files">
    <metrics statements="181" coveredstatements="156" conditionals="105" coveredconditionals="84" methods="32" coveredmethods="26" elements="318" coveredelements="266" complexity="0" loc="181" ncloc="181" packages="1" files="5" classes="5"/>
    <file name="index.ts" path="/mnt/c/Users/endij/Desktop/Linux/Docusaurus/packages/docusaurus-plugin-content-docs/src/index.ts">
      <metrics statements="71" coveredstatements="48" conditionals="24" coveredconditionals="15" methods="16" coveredmethods="10"/>
      <line num="36" count="1" type="stmt"/>
      <line num="53" count="1" type="stmt"/>
      <line num="54" count="1" type="stmt"/>
      <line num="55" count="1" type="stmt"/>
      <line num="56" count="1" type="stmt"/>
      <line num="61" count="1" type="stmt"/>
      <line num="65" count="0" type="cond" truecount="0" falsecount="1"/>
      <line num="66" count="0" type="stmt"/>
      <line num="67" count="0" type="stmt"/>
      <line num="79" count="1" type="stmt"/>
      <line num="80" count="1" type="stmt"/>
      <line num="81" count="1" type="stmt"/>
      <line num="83" count="1" type="cond" truecount="1" falsecount="1"/>
      <line num="84" count="0" type="stmt"/>
      <line num="87" count="1" type="stmt"/>
      <line num="90" count="1" type="stmt"/>
      <line num="95" count="1" type="stmt"/>
      <line num="98" count="1" type="stmt"/>
      <line num="101" count="1" type="stmt"/>
      <line num="103" count="5" type="stmt"/>
      <line num="114" count="5" type="stmt"/>
      <line num="119" count="1" type="stmt"/>
      <line num="120" count="1" type="stmt"/>
      <line num="123" count="5" type="stmt"/>
      <line num="124" count="5" type="cond" truecount="2" falsecount="0"/>
      <line num="125" count="2" type="stmt"/>
      <line num="130" count="5" type="stmt"/>
      <line num="131" count="5" type="cond" truecount="2" falsecount="0"/>
      <line num="132" count="2" type="stmt"/>
      <line num="137" count="5" type="stmt"/>
      <line num="144" count="1" type="stmt"/>
      <line num="145" count="1" type="stmt"/>
      <line num="146" count="5" type="stmt"/>
      <line num="147" count="5" type="cond" truecount="2" falsecount="0"/>
      <line num="148" count="3" type="stmt"/>
      <line num="152" count="1" type="stmt"/>
      <line num="153" count="4" type="stmt"/>
      <line num="154" count="4" type="stmt"/>
      <line num="156" count="4" type="cond" truecount="1" falsecount="1"/>
      <line num="157" count="0" type="stmt"/>
      <line num="162" count="4" type="stmt"/>
      <line num="169" count="1" type="stmt"/>
      <line num="172" count="2" type="stmt"/>
      <line num="173" count="5" type="cond" truecount="3" falsecount="2"/>
      <line num="175" count="0" type="stmt"/>
      <line num="178" count="4" type="stmt"/>
      <line num="180" count="1" type="stmt"/>
      <line num="182" count="0" type="stmt"/>
      <line num="184" count="1" type="stmt"/>
      <line num="186" count="2" type="stmt"/>
      <line num="191" count="1" type="stmt"/>
      <line num="193" count="1" type="stmt"/>
      <line num="194" count="2" type="stmt"/>
      <line num="196" count="1" type="stmt"/>
      <line num="201" count="1" type="stmt"/>
      <line num="211" count="0" type="cond" truecount="0" falsecount="2"/>
      <line num="212" count="0" type="stmt"/>
      <line num="215" count="0" type="stmt"/>
      <line num="216" count="0" type="stmt"/>
      <line num="217" count="0" type="stmt"/>
      <line num="218" count="0" type="stmt"/>
      <line num="220" count="0" type="stmt"/>
      <line num="222" count="0" type="stmt"/>
      <line num="226" count="0" type="stmt"/>
      <line num="238" count="0" type="stmt"/>
      <line num="243" count="0" type="stmt"/>
      <line num="247" count="0" type="stmt"/>
      <line num="252" count="0" type="stmt"/>
      <line num="263" count="0" type="stmt"/>
      <line num="264" count="0" type="stmt"/>
      <line num="265" count="0" type="stmt"/>
    </file>
    <file name="lastUpdate.ts" path="/mnt/c/Users/endij/Desktop/Linux/Docusaurus/packages/docusaurus-plugin-content-docs/src/lastUpdate.ts">
      <metrics statements="16" coveredstatements="14" conditionals="10" coveredconditionals="4" methods="2" coveredmethods="2"/>
      <line num="14" count="3" type="stmt"/>
      <line num="16" count="3" type="stmt"/>
      <line num="22" count="5" type="cond" truecount="1" falsecount="1"/>
      <line num="23" count="5" type="stmt"/>
      <line num="26" count="0" type="stmt"/>
      <line num="27" count="0" type="cond" truecount="0" falsecount="4"/>
      <line num="33" count="7" type="stmt"/>
      <line num="34" count="7" type="cond" truecount="2" falsecount="0"/>
      <line num="35" count="1" type="cond" truecount="1" falsecount="1"/>
      <line num="36" count="1" type="stmt"/>
      <line num="37" count="1" type="stmt"/>
      <line num="40" count="1" type="stmt"/>
      <line num="43" count="6" type="stmt"/>
      <line num="48" count="5" type="stmt"/>
      <line num="50" count="1" type="stmt"/>
      <line num="53" count="1" type="stmt"/>
    </file>
    <file name="metadata.ts" path="/mnt/c/Users/endij/Desktop/Linux/Docusaurus/packages/docusaurus-plugin-content-docs/src/metadata.ts">
      <metrics statements="43" coveredstatements="43" conditionals="41" coveredconditionals="35" methods="1" coveredmethods="1"/>
      <line num="39" count="12" type="stmt"/>
      <line num="41" count="12" type="stmt"/>
      <line num="42" count="12" type="cond" truecount="0" falsecount="1"/>
      <line num="45" count="12" type="cond" truecount="2" falsecount="0"/>
      <line num="46" count="3" type="stmt"/>
      <line num="49" count="12" type="cond" truecount="2" falsecount="0"/>
      <line num="50" count="1" type="stmt"/>
      <line num="54" count="11" type="cond" truecount="2" falsecount="0"/>
      <line num="55" count="3" type="stmt"/>
      <line num="58" count="11" type="cond" truecount="2" falsecount="0"/>
      <line num="59" count="9" type="stmt"/>
      <line num="62" count="11" type="stmt"/>
      <line num="63" count="11" type="cond" truecount="2" falsecount="0"/>
      <line num="64" count="4" type="stmt"/>
      <line num="65" count="4" type="cond" truecount="1" falsecount="1"/>
      <line num="66" count="4" type="stmt"/>
      <line num="71" count="11" type="stmt"/>
      <line num="72" count="11" type="stmt"/>
      <line num="75" count="11" type="stmt"/>
      <line num="79" count="11" type="cond" truecount="2" falsecount="0"/>
      <line num="80" count="2" type="stmt"/>
      <line num="87" count="9" type="stmt"/>
      <line num="91" count="11" type="stmt"/>
      <line num="92" count="11" type="cond" truecount="2" falsecount="0"/>
      <line num="93" count="3" type="stmt"/>
      <line num="94" count="3" type="cond" truecount="2" falsecount="0"/>
      <line num="95" count="2" type="stmt"/>
      <line num="97" count="3" type="cond" truecount="2" falsecount="0"/>
      <line num="98" count="2" type="stmt"/>
      <line num="102" count="11" type="cond" truecount="2" falsecount="0"/>
      <line num="103" count="1" type="stmt"/>
      <line num="106" count="11" type="cond" truecount="2" falsecount="0"/>
      <line num="107" count="3" type="stmt"/>
      <line num="108" count="3" type="stmt"/>
      <line num="111" count="11" type="cond" truecount="4" falsecount="0"/>
      <line num="114" count="1" type="cond" truecount="1" falsecount="1"/>
      <line num="121" count="1" type="cond" truecount="1" falsecount="1"/>
      <line num="122" count="1" type="stmt"/>
      <line num="123" count="1" type="cond" truecount="3" falsecount="1"/>
      <line num="124" count="1" type="stmt"/>
      <line num="127" count="1" type="cond" truecount="3" falsecount="1"/>
      <line num="128" count="1" type="stmt"/>
      <line num="133" count="11" type="stmt"/>
    </file>
    <file name="order.ts" path="/mnt/c/Users/endij/Desktop/Linux/Docusaurus/packages/docusaurus-plugin-content-docs/src/order.ts">
      <metrics statements="22" coveredstatements="22" conditionals="10" coveredconditionals="10" methods="4" coveredmethods="4"/>
      <line num="18" count="9" type="stmt"/>
      <line num="20" count="9" type="stmt"/>
      <line num="21" count="10" type="stmt"/>
      <line num="23" count="10" type="stmt"/>
      <line num="24" count="10" type="stmt"/>
      <line num="25" count="30" type="stmt"/>
      <line num="26" count="45" type="cond" truecount="5" falsecount="0"/>
      <line num="28" count="20" type="stmt"/>
      <line num="31" count="19" type="stmt"/>
      <line num="35" count="5" type="stmt"/>
      <line num="37" count="19" type="stmt"/>
      <line num="38" count="19" type="stmt"/>
      <line num="40" count="1" type="stmt"/>
      <line num="47" count="10" type="stmt"/>
      <line num="50" count="9" type="stmt"/>
      <line num="51" count="19" type="stmt"/>
      <line num="55" count="19" type="cond" truecount="2" falsecount="0"/>
      <line num="56" count="10" type="stmt"/>
      <line num="59" count="19" type="cond" truecount="2" falsecount="0"/>
      <line num="60" count="10" type="stmt"/>
      <line num="63" count="19" type="stmt"/>
      <line num="71" count="7" type="stmt"/>
    </file>
    <file name="sidebars.ts" path="/mnt/c/Users/endij/Desktop/Linux/Docusaurus/packages/docusaurus-plugin-content-docs/src/sidebars.ts">
      <metrics statements="29" coveredstatements="29" conditionals="20" coveredconditionals="20" methods="9" coveredmethods="9"/>
      <line num="22" count="18" type="stmt"/>
      <line num="23" count="52" type="cond" truecount="2" falsecount="0"/>
      <line num="26" count="18" type="cond" truecount="2" falsecount="0"/>
      <line num="27" count="1" type="stmt"/>
      <line num="41" count="14" type="stmt"/>
      <line num="43" count="13" type="cond" truecount="2" falsecount="0"/>
      <line num="44" count="1" type="stmt"/>
      <line num="49" count="12" type="stmt"/>
      <line num="50" count="26" type="cond" truecount="2" falsecount="0"/>
      <line num="51" count="15" type="stmt"/>
      <line num="56" count="11" type="cond" truecount="5" falsecount="0"/>
      <line num="58" count="6" type="stmt"/>
      <line num="60" count="2" type="stmt"/>
      <line num="61" count="2" type="stmt"/>
      <line num="64" count="2" type="stmt"/>
      <line num="65" count="2" type="stmt"/>
      <line num="67" count="1" type="stmt"/>
      <line num="70" count="4" type="stmt"/>
      <line num="73" count="9" type="stmt"/>
      <line num="80" count="7" type="stmt"/>
      <line num="84" count="6" type="cond" truecount="2" falsecount="0"/>
      <line num="86" count="9" type="stmt"/>
      <line num="92" count="1" type="stmt"/>
      <line num="95" count="8" type="stmt"/>
      <line num="97" count="3" type="stmt"/>
      <line num="105" count="7" type="stmt"/>
      <line num="106" count="7" type="cond" truecount="4" falsecount="0"/>
      <line num="107" count="6" type="stmt"/>
      <line num="109" count="7" type="stmt"/>
    </file>
  </project>
</coverage>
