{"/mnt/c/Users/endij/Desktop/Linux/Docusaurus/packages/docusaurus-plugin-content-docs/src/index.ts": {"path":"/mnt/c/Users/endij/Desktop/Linux/Docusaurus/packages/docusaurus-plugin-content-docs/src/index.ts","statementMap":{"0":{"start":{"line":36,"column":39},"end":{"line":47,"column":1}},"1":{"start":{"line":53,"column":18},"end":{"line":53,"column":47}},"2":{"start":{"line":54,"column":22},"end":{"line":54,"column":65}},"3":{"start":{"line":55,"column":45},"end":{"line":55,"column":47}},"4":{"start":{"line":56,"column":18},"end":{"line":59,"column":3}},"5":{"start":{"line":61,"column":2},"end":{"line":301,"column":4}},"6":{"start":{"line":65,"column":29},"end":{"line":65,"column":36}},"7":{"start":{"line":66,"column":26},"end":{"line":66,"column":77}},"8":{"start":{"line":66,"column":49},"end":{"line":66,"column":76}},"9":{"start":{"line":67,"column":6},"end":{"line":67,"column":51}},"10":{"start":{"line":79,"column":10},"end":{"line":79,"column":17}},"11":{"start":{"line":80,"column":36},"end":{"line":80,"column":43}},"12":{"start":{"line":81,"column":22},"end":{"line":81,"column":33}},"13":{"start":{"line":83,"column":6},"end":{"line":85,"column":7}},"14":{"start":{"line":84,"column":8},"end":{"line":84,"column":20}},"15":{"start":{"line":87,"column":38},"end":{"line":87,"column":63}},"16":{"start":{"line":90,"column":27},"end":{"line":90,"column":54}},"17":{"start":{"line":95,"column":10},"end":{"line":95,"column":12}},"18":{"start":{"line":98,"column":24},"end":{"line":100,"column":8}},"19":{"start":{"line":101,"column":6},"end":{"line":116,"column":8}},"20":{"start":{"line":103,"column":40},"end":{"line":113,"column":12}},"21":{"start":{"line":114,"column":10},"end":{"line":114,"column":50}},"22":{"start":{"line":119,"column":41},"end":{"line":119,"column":43}},"23":{"start":{"line":120,"column":6},"end":{"line":142,"column":9}},"24":{"start":{"line":123,"column":27},"end":{"line":123,"column":72}},"25":{"start":{"line":124,"column":8},"end":{"line":129,"column":9}},"26":{"start":{"line":125,"column":10},"end":{"line":128,"column":12}},"27":{"start":{"line":130,"column":23},"end":{"line":130,"column":64}},"28":{"start":{"line":131,"column":8},"end":{"line":136,"column":9}},"29":{"start":{"line":132,"column":10},"end":{"line":135,"column":12}},"30":{"start":{"line":137,"column":8},"end":{"line":141,"column":10}},"31":{"start":{"line":144,"column":53},"end":{"line":144,"column":55}},"32":{"start":{"line":145,"column":6},"end":{"line":150,"column":9}},"33":{"start":{"line":146,"column":8},"end":{"line":146,"column":46}},"34":{"start":{"line":147,"column":8},"end":{"line":149,"column":9}},"35":{"start":{"line":148,"column":10},"end":{"line":148,"column":50}},"36":{"start":{"line":152,"column":29},"end":{"line":167,"column":7}},"37":{"start":{"line":153,"column":23},"end":{"line":153,"column":30}},"38":{"start":{"line":154,"column":29},"end":{"line":154,"column":52}},"39":{"start":{"line":156,"column":8},"end":{"line":160,"column":9}},"40":{"start":{"line":157,"column":10},"end":{"line":159,"column":12}},"41":{"start":{"line":162,"column":8},"end":{"line":166,"column":10}},"42":{"start":{"line":169,"column":32},"end":{"line":187,"column":7}},"43":{"start":{"line":172,"column":22},"end":{"line":185,"column":10}},"44":{"start":{"line":173,"column":10},"end":{"line":183,"column":11}},"45":{"start":{"line":175,"column":14},"end":{"line":175,"column":68}},"46":{"start":{"line":178,"column":14},"end":{"line":178,"column":60}},"47":{"start":{"line":180,"column":14},"end":{"line":180,"column":20}},"48":{"start":{"line":182,"column":14},"end":{"line":182,"column":73}},"49":{"start":{"line":184,"column":10},"end":{"line":184,"column":41}},"50":{"start":{"line":186,"column":8},"end":{"line":186,"column":36}},"51":{"start":{"line":191,"column":40},"end":{"line":199,"column":7}},"52":{"start":{"line":193,"column":10},"end":{"line":195,"column":12}},"53":{"start":{"line":194,"column":12},"end":{"line":194,"column":50}},"54":{"start":{"line":196,"column":10},"end":{"line":196,"column":21}},"55":{"start":{"line":201,"column":6},"end":{"line":207,"column":8}},"56":{"start":{"line":211,"column":6},"end":{"line":213,"column":7}},"57":{"start":{"line":212,"column":8},"end":{"line":212,"column":15}},"58":{"start":{"line":215,"column":68},"end":{"line":215,"column":75}},"59":{"start":{"line":216,"column":37},"end":{"line":216,"column":44}},"60":{"start":{"line":217,"column":28},"end":{"line":218,"column":75}},"61":{"start":{"line":218,"column":8},"end":{"line":218,"column":75}},"62":{"start":{"line":220,"column":21},"end":{"line":236,"column":7}},"63":{"start":{"line":222,"column":31},"end":{"line":225,"column":11}},"64":{"start":{"line":226,"column":10},"end":{"line":234,"column":12}},"65":{"start":{"line":238,"column":49},"end":{"line":241,"column":7}},"66":{"start":{"line":243,"column":28},"end":{"line":246,"column":8}},"67":{"start":{"line":247,"column":35},"end":{"line":250,"column":7}},"68":{"start":{"line":252,"column":6},"end":{"line":259,"column":9}},"69":{"start":{"line":263,"column":47},"end":{"line":263,"column":52}},"70":{"start":{"line":264,"column":45},"end":{"line":264,"column":52}},"71":{"start":{"line":265,"column":6},"end":{"line":299,"column":25}}},"fnMap":{"0":{"name":"pluginContentDocs","decl":{"start":{"line":49,"column":24},"end":{"line":49,"column":41}},"loc":{"start":{"line":52,"column":32},"end":{"line":302,"column":1}},"line":52},"1":{"name":"(anonymous_1)","decl":{"start":{"line":64,"column":4},"end":{"line":64,"column":5}},"loc":{"start":{"line":64,"column":22},"end":{"line":68,"column":5}},"line":64},"2":{"name":"(anonymous_2)","decl":{"start":{"line":66,"column":38},"end":{"line":66,"column":39}},"loc":{"start":{"line":66,"column":49},"end":{"line":66,"column":76}},"line":66},"3":{"name":"(anonymous_3)","decl":{"start":{"line":71,"column":4},"end":{"line":71,"column":5}},"loc":{"start":{"line":71,"column":24},"end":{"line":208,"column":5}},"line":71},"4":{"name":"(anonymous_4)","decl":{"start":{"line":102,"column":22},"end":{"line":102,"column":23}},"loc":{"start":{"line":102,"column":38},"end":{"line":115,"column":9}},"line":102},"5":{"name":"(anonymous_5)","decl":{"start":{"line":120,"column":43},"end":{"line":120,"column":44}},"loc":{"start":{"line":120,"column":56},"end":{"line":142,"column":7}},"line":120},"6":{"name":"(anonymous_6)","decl":{"start":{"line":145,"column":45},"end":{"line":145,"column":46}},"loc":{"start":{"line":145,"column":79},"end":{"line":150,"column":7}},"line":145},"7":{"name":"(anonymous_7)","decl":{"start":{"line":152,"column":29},"end":{"line":152,"column":30}},"loc":{"start":{"line":152,"column":72},"end":{"line":167,"column":7}},"line":152},"8":{"name":"(anonymous_8)","decl":{"start":{"line":169,"column":32},"end":{"line":169,"column":33}},"loc":{"start":{"line":171,"column":36},"end":{"line":187,"column":7}},"line":171},"9":{"name":"(anonymous_9)","decl":{"start":{"line":172,"column":41},"end":{"line":172,"column":42}},"loc":{"start":{"line":172,"column":49},"end":{"line":185,"column":9}},"line":172},"10":{"name":"(anonymous_10)","decl":{"start":{"line":192,"column":8},"end":{"line":192,"column":9}},"loc":{"start":{"line":192,"column":66},"end":{"line":197,"column":9}},"line":192},"11":{"name":"(anonymous_11)","decl":{"start":{"line":193,"column":53},"end":{"line":193,"column":54}},"loc":{"start":{"line":194,"column":12},"end":{"line":194,"column":50}},"line":194},"12":{"name":"(anonymous_12)","decl":{"start":{"line":210,"column":4},"end":{"line":210,"column":5}},"loc":{"start":{"line":210,"column":44},"end":{"line":260,"column":5}},"line":210},"13":{"name":"(anonymous_13)","decl":{"start":{"line":217,"column":28},"end":{"line":217,"column":29}},"loc":{"start":{"line":218,"column":8},"end":{"line":218,"column":75}},"line":218},"14":{"name":"(anonymous_14)","decl":{"start":{"line":221,"column":48},"end":{"line":221,"column":49}},"loc":{"start":{"line":221,"column":70},"end":{"line":235,"column":9}},"line":221},"15":{"name":"(anonymous_15)","decl":{"start":{"line":262,"column":4},"end":{"line":262,"column":5}},"loc":{"start":{"line":262,"column":41},"end":{"line":300,"column":5}},"line":262}},"branchMap":{"0":{"loc":{"start":{"line":65,"column":13},"end":{"line":65,"column":25}},"type":"default-arg","locations":[{"start":{"line":65,"column":23},"end":{"line":65,"column":25}}],"line":65},"1":{"loc":{"start":{"line":83,"column":6},"end":{"line":85,"column":7}},"type":"if","locations":[{"start":{"line":83,"column":6},"end":{"line":85,"column":7}},{"start":{"line":83,"column":6},"end":{"line":85,"column":7}}],"line":83},"2":{"loc":{"start":{"line":124,"column":8},"end":{"line":129,"column":9}},"type":"if","locations":[{"start":{"line":124,"column":8},"end":{"line":129,"column":9}},{"start":{"line":124,"column":8},"end":{"line":129,"column":9}}],"line":124},"3":{"loc":{"start":{"line":126,"column":19},"end":{"line":126,"column":76}},"type":"binary-expr","locations":[{"start":{"line":126,"column":19},"end":{"line":126,"column":62}},{"start":{"line":126,"column":66},"end":{"line":126,"column":76}}],"line":126},"4":{"loc":{"start":{"line":131,"column":8},"end":{"line":136,"column":9}},"type":"if","locations":[{"start":{"line":131,"column":8},"end":{"line":136,"column":9}},{"start":{"line":131,"column":8},"end":{"line":136,"column":9}}],"line":131},"5":{"loc":{"start":{"line":133,"column":19},"end":{"line":133,"column":68}},"type":"binary-expr","locations":[{"start":{"line":133,"column":19},"end":{"line":133,"column":58}},{"start":{"line":133,"column":62},"end":{"line":133,"column":68}}],"line":133},"6":{"loc":{"start":{"line":147,"column":8},"end":{"line":149,"column":9}},"type":"if","locations":[{"start":{"line":147,"column":8},"end":{"line":149,"column":9}},{"start":{"line":147,"column":8},"end":{"line":149,"column":9}}],"line":147},"7":{"loc":{"start":{"line":156,"column":8},"end":{"line":160,"column":9}},"type":"if","locations":[{"start":{"line":156,"column":8},"end":{"line":160,"column":9}},{"start":{"line":156,"column":8},"end":{"line":160,"column":9}}],"line":156},"8":{"loc":{"start":{"line":164,"column":17},"end":{"line":164,"column":65}},"type":"binary-expr","locations":[{"start":{"line":164,"column":17},"end":{"line":164,"column":43}},{"start":{"line":164,"column":47},"end":{"line":164,"column":65}}],"line":164},"9":{"loc":{"start":{"line":173,"column":10},"end":{"line":183,"column":11}},"type":"switch","locations":[{"start":{"line":174,"column":12},"end":{"line":175,"column":68}},{"start":{"line":176,"column":12},"end":{"line":176,"column":23}},{"start":{"line":177,"column":12},"end":{"line":178,"column":60}},{"start":{"line":179,"column":12},"end":{"line":180,"column":20}},{"start":{"line":181,"column":12},"end":{"line":182,"column":73}}],"line":173},"10":{"loc":{"start":{"line":211,"column":6},"end":{"line":213,"column":7}},"type":"if","locations":[{"start":{"line":211,"column":6},"end":{"line":213,"column":7}},{"start":{"line":211,"column":6},"end":{"line":213,"column":7}}],"line":211}},"s":{"0":1,"1":1,"2":1,"3":1,"4":1,"5":1,"6":0,"7":0,"8":0,"9":0,"10":1,"11":1,"12":1,"13":1,"14":0,"15":1,"16":1,"17":1,"18":1,"19":1,"20":5,"21":5,"22":1,"23":1,"24":5,"25":5,"26":2,"27":5,"28":5,"29":2,"30":5,"31":1,"32":1,"33":5,"34":5,"35":3,"36":1,"37":4,"38":4,"39":4,"40":0,"41":4,"42":1,"43":2,"44":5,"45":0,"46":4,"47":1,"48":0,"49":1,"50":2,"51":1,"52":1,"53":2,"54":1,"55":1,"56":0,"57":0,"58":0,"59":0,"60":0,"61":0,"62":0,"63":0,"64":0,"65":0,"66":0,"67":0,"68":0,"69":0,"70":0,"71":0},"f":{"0":1,"1":0,"2":0,"3":1,"4":5,"5":5,"6":5,"7":4,"8":2,"9":5,"10":1,"11":2,"12":0,"13":0,"14":0,"15":0},"b":{"0":[0],"1":[0,1],"2":[2,3],"3":[2,0],"4":[2,3],"5":[2,0],"6":[3,2],"7":[0,4],"8":[4,4],"9":[0,1,4,1,0],"10":[0,0]},"_coverageSchema":"43e27e138ebf9cfc5966b082cf9a028302ed4184","hash":"aada22bea88c9de0840f0acccfe46bf835d8bb7a"}
,"/mnt/c/Users/endij/Desktop/Linux/Docusaurus/packages/docusaurus-plugin-content-docs/src/lastUpdate.ts": {"path":"/mnt/c/Users/endij/Desktop/Linux/Docusaurus/packages/docusaurus-plugin-content-docs/src/lastUpdate.ts","statementMap":{"0":{"start":{"line":13,"column":42},"end":{"line":13,"column":57}},"1":{"start":{"line":15,"column":32},"end":{"line":15,"column":37}},"2":{"start":{"line":21,"column":4},"end":{"line":23,"column":5}},"3":{"start":{"line":22,"column":6},"end":{"line":22,"column":18}},"4":{"start":{"line":25,"column":17},"end":{"line":25,"column":61}},"5":{"start":{"line":26,"column":4},"end":{"line":28,"column":47}},"6":{"start":{"line":32,"column":2},"end":{"line":50,"column":3}},"7":{"start":{"line":33,"column":4},"end":{"line":40,"column":5}},"8":{"start":{"line":34,"column":6},"end":{"line":37,"column":7}},"9":{"start":{"line":35,"column":8},"end":{"line":35,"column":41}},"10":{"start":{"line":36,"column":8},"end":{"line":36,"column":79}},"11":{"start":{"line":39,"column":6},"end":{"line":39,"column":18}},"12":{"start":{"line":42,"column":19},"end":{"line":45,"column":13}},"13":{"start":{"line":47,"column":4},"end":{"line":47,"column":41}},"14":{"start":{"line":49,"column":4},"end":{"line":49,"column":25}},"15":{"start":{"line":52,"column":2},"end":{"line":52,"column":14}}},"fnMap":{"0":{"name":"getFileLastUpdate","decl":{"start":{"line":17,"column":24},"end":{"line":17,"column":41}},"loc":{"start":{"line":19,"column":29},"end":{"line":53,"column":1}},"line":19},"1":{"name":"getTimestampAndAuthor","decl":{"start":{"line":20,"column":11},"end":{"line":20,"column":32}},"loc":{"start":{"line":20,"column":73},"end":{"line":29,"column":3}},"line":20}},"branchMap":{"0":{"loc":{"start":{"line":21,"column":4},"end":{"line":23,"column":5}},"type":"if","locations":[{"start":{"line":21,"column":4},"end":{"line":23,"column":5}},{"start":{"line":21,"column":4},"end":{"line":23,"column":5}}],"line":21},"1":{"loc":{"start":{"line":26,"column":11},"end":{"line":28,"column":46}},"type":"cond-expr","locations":[{"start":{"line":27,"column":8},"end":{"line":27,"column":12}},{"start":{"line":28,"column":8},"end":{"line":28,"column":46}}],"line":26},"2":{"loc":{"start":{"line":26,"column":11},"end":{"line":26,"column":35}},"type":"binary-expr","locations":[{"start":{"line":26,"column":11},"end":{"line":26,"column":16}},{"start":{"line":26,"column":20},"end":{"line":26,"column":35}}],"line":26},"3":{"loc":{"start":{"line":33,"column":4},"end":{"line":40,"column":5}},"type":"if","locations":[{"start":{"line":33,"column":4},"end":{"line":40,"column":5}},{"start":{"line":33,"column":4},"end":{"line":40,"column":5}}],"line":33},"4":{"loc":{"start":{"line":34,"column":6},"end":{"line":37,"column":7}},"type":"if","locations":[{"start":{"line":34,"column":6},"end":{"line":37,"column":7}},{"start":{"line":34,"column":6},"end":{"line":37,"column":7}}],"line":34}},"s":{"0":3,"1":3,"2":5,"3":4,"4":1,"5":1,"6":5,"7":5,"8":0,"9":0,"10":0,"11":0,"12":5,"13":5,"14":0,"15":0},"f":{"0":5,"1":5},"b":{"0":[4,1],"1":[0,1],"2":[1,1],"3":[0,5],"4":[0,0]},"_coverageSchema":"43e27e138ebf9cfc5966b082cf9a028302ed4184","hash":"74a2dccb6ba4d493245b68fafd4d4b9a11b9382a"}
,"/mnt/c/Users/endij/Desktop/Linux/Docusaurus/packages/docusaurus-plugin-content-docs/src/metadata.ts": {"path":"/mnt/c/Users/endij/Desktop/Linux/Docusaurus/packages/docusaurus-plugin-content-docs/src/metadata.ts","statementMap":{"0":{"start":{"line":39,"column":19},"end":{"line":39,"column":45}},"1":{"start":{"line":41,"column":21},"end":{"line":41,"column":57}},"2":{"start":{"line":42,"column":48},"end":{"line":42,"column":65}},"3":{"start":{"line":45,"column":2},"end":{"line":47,"column":3}},"4":{"start":{"line":46,"column":4},"end":{"line":46,"column":62}},"5":{"start":{"line":49,"column":2},"end":{"line":51,"column":3}},"6":{"start":{"line":50,"column":4},"end":{"line":50,"column":55}},"7":{"start":{"line":54,"column":2},"end":{"line":56,"column":3}},"8":{"start":{"line":55,"column":4},"end":{"line":55,"column":33}},"9":{"start":{"line":58,"column":2},"end":{"line":60,"column":3}},"10":{"start":{"line":59,"column":4},"end":{"line":59,"column":35}},"11":{"start":{"line":62,"column":18},"end":{"line":62,"column":38}},"12":{"start":{"line":63,"column":2},"end":{"line":68,"column":3}},"13":{"start":{"line":64,"column":19},"end":{"line":64,"column":26}},"14":{"start":{"line":65,"column":4},"end":{"line":67,"column":5}},"15":{"start":{"line":66,"column":6},"end":{"line":66,"column":47}},"16":{"start":{"line":71,"column":22},"end":{"line":71,"column":65}},"17":{"start":{"line":72,"column":2},"end":{"line":72,"column":32}},"18":{"start":{"line":75,"column":20},"end":{"line":75,"column":30}},"19":{"start":{"line":79,"column":2},"end":{"line":88,"column":3}},"20":{"start":{"line":80,"column":4},"end":{"line":85,"column":6}},"21":{"start":{"line":87,"column":4},"end":{"line":87,"column":76}},"22":{"start":{"line":91,"column":15},"end":{"line":91,"column":23}},"23":{"start":{"line":92,"column":2},"end":{"line":100,"column":3}},"24":{"start":{"line":93,"column":4},"end":{"line":93,"column":41}},"25":{"start":{"line":94,"column":4},"end":{"line":96,"column":5}},"26":{"start":{"line":95,"column":6},"end":{"line":95,"column":37}},"27":{"start":{"line":97,"column":4},"end":{"line":99,"column":5}},"28":{"start":{"line":98,"column":6},"end":{"line":98,"column":45}},"29":{"start":{"line":102,"column":2},"end":{"line":104,"column":3}},"30":{"start":{"line":103,"column":4},"end":{"line":103,"column":55}},"31":{"start":{"line":106,"column":2},"end":{"line":109,"column":3}},"32":{"start":{"line":107,"column":4},"end":{"line":107,"column":48}},"33":{"start":{"line":108,"column":4},"end":{"line":108,"column":36}},"34":{"start":{"line":111,"column":2},"end":{"line":131,"column":3}},"35":{"start":{"line":114,"column":6},"end":{"line":119,"column":11}},"36":{"start":{"line":121,"column":4},"end":{"line":130,"column":5}},"37":{"start":{"line":122,"column":34},"end":{"line":122,"column":52}},"38":{"start":{"line":123,"column":6},"end":{"line":125,"column":7}},"39":{"start":{"line":124,"column":8},"end":{"line":124,"column":40}},"40":{"start":{"line":127,"column":6},"end":{"line":129,"column":7}},"41":{"start":{"line":128,"column":8},"end":{"line":128,"column":43}},"42":{"start":{"line":133,"column":2},"end":{"line":133,"column":33}}},"fnMap":{"0":{"name":"processMetadata","decl":{"start":{"line":28,"column":30},"end":{"line":28,"column":45}},"loc":{"start":{"line":38,"column":31},"end":{"line":134,"column":1}},"line":38}},"branchMap":{"0":{"loc":{"start":{"line":42,"column":22},"end":{"line":42,"column":35}},"type":"default-arg","locations":[{"start":{"line":42,"column":33},"end":{"line":42,"column":35}}],"line":42},"1":{"loc":{"start":{"line":45,"column":2},"end":{"line":47,"column":3}},"type":"if","locations":[{"start":{"line":45,"column":2},"end":{"line":47,"column":3}},{"start":{"line":45,"column":2},"end":{"line":47,"column":3}}],"line":45},"2":{"loc":{"start":{"line":49,"column":2},"end":{"line":51,"column":3}},"type":"if","locations":[{"start":{"line":49,"column":2},"end":{"line":51,"column":3}},{"start":{"line":49,"column":2},"end":{"line":51,"column":3}}],"line":49},"3":{"loc":{"start":{"line":54,"column":2},"end":{"line":56,"column":3}},"type":"if","locations":[{"start":{"line":54,"column":2},"end":{"line":56,"column":3}},{"start":{"line":54,"column":2},"end":{"line":56,"column":3}}],"line":54},"4":{"loc":{"start":{"line":58,"column":2},"end":{"line":60,"column":3}},"type":"if","locations":[{"start":{"line":58,"column":2},"end":{"line":60,"column":3}},{"start":{"line":58,"column":2},"end":{"line":60,"column":3}}],"line":58},"5":{"loc":{"start":{"line":63,"column":2},"end":{"line":68,"column":3}},"type":"if","locations":[{"start":{"line":63,"column":2},"end":{"line":68,"column":3}},{"start":{"line":63,"column":2},"end":{"line":68,"column":3}}],"line":63},"6":{"loc":{"start":{"line":65,"column":4},"end":{"line":67,"column":5}},"type":"if","locations":[{"start":{"line":65,"column":4},"end":{"line":67,"column":5}},{"start":{"line":65,"column":4},"end":{"line":67,"column":5}}],"line":65},"7":{"loc":{"start":{"line":79,"column":2},"end":{"line":88,"column":3}},"type":"if","locations":[{"start":{"line":79,"column":2},"end":{"line":88,"column":3}},{"start":{"line":79,"column":2},"end":{"line":88,"column":3}}],"line":79},"8":{"loc":{"start":{"line":92,"column":2},"end":{"line":100,"column":3}},"type":"if","locations":[{"start":{"line":92,"column":2},"end":{"line":100,"column":3}},{"start":{"line":92,"column":2},"end":{"line":100,"column":3}}],"line":92},"9":{"loc":{"start":{"line":94,"column":4},"end":{"line":96,"column":5}},"type":"if","locations":[{"start":{"line":94,"column":4},"end":{"line":96,"column":5}},{"start":{"line":94,"column":4},"end":{"line":96,"column":5}}],"line":94},"10":{"loc":{"start":{"line":97,"column":4},"end":{"line":99,"column":5}},"type":"if","locations":[{"start":{"line":97,"column":4},"end":{"line":99,"column":5}},{"start":{"line":97,"column":4},"end":{"line":99,"column":5}}],"line":97},"11":{"loc":{"start":{"line":102,"column":2},"end":{"line":104,"column":3}},"type":"if","locations":[{"start":{"line":102,"column":2},"end":{"line":104,"column":3}},{"start":{"line":102,"column":2},"end":{"line":104,"column":3}}],"line":102},"12":{"loc":{"start":{"line":106,"column":2},"end":{"line":109,"column":3}},"type":"if","locations":[{"start":{"line":106,"column":2},"end":{"line":109,"column":3}},{"start":{"line":106,"column":2},"end":{"line":109,"column":3}}],"line":106},"13":{"loc":{"start":{"line":111,"column":2},"end":{"line":131,"column":3}},"type":"if","locations":[{"start":{"line":111,"column":2},"end":{"line":131,"column":3}},{"start":{"line":111,"column":2},"end":{"line":131,"column":3}}],"line":111},"14":{"loc":{"start":{"line":111,"column":6},"end":{"line":111,"column":48}},"type":"binary-expr","locations":[{"start":{"line":111,"column":6},"end":{"line":111,"column":26}},{"start":{"line":111,"column":30},"end":{"line":111,"column":48}}],"line":111},"15":{"loc":{"start":{"line":114,"column":6},"end":{"line":119,"column":11}},"type":"cond-expr","locations":[{"start":{"line":115,"column":10},"end":{"line":115,"column":30}},{"start":{"line":116,"column":10},"end":{"line":119,"column":11}}],"line":114},"16":{"loc":{"start":{"line":121,"column":4},"end":{"line":130,"column":5}},"type":"if","locations":[{"start":{"line":121,"column":4},"end":{"line":130,"column":5}},{"start":{"line":121,"column":4},"end":{"line":130,"column":5}}],"line":121},"17":{"loc":{"start":{"line":123,"column":6},"end":{"line":125,"column":7}},"type":"if","locations":[{"start":{"line":123,"column":6},"end":{"line":125,"column":7}},{"start":{"line":123,"column":6},"end":{"line":125,"column":7}}],"line":123},"18":{"loc":{"start":{"line":123,"column":10},"end":{"line":123,"column":40}},"type":"binary-expr","locations":[{"start":{"line":123,"column":10},"end":{"line":123,"column":30}},{"start":{"line":123,"column":34},"end":{"line":123,"column":40}}],"line":123},"19":{"loc":{"start":{"line":127,"column":6},"end":{"line":129,"column":7}},"type":"if","locations":[{"start":{"line":127,"column":6},"end":{"line":129,"column":7}},{"start":{"line":127,"column":6},"end":{"line":129,"column":7}}],"line":127},"20":{"loc":{"start":{"line":127,"column":10},"end":{"line":127,"column":41}},"type":"binary-expr","locations":[{"start":{"line":127,"column":10},"end":{"line":127,"column":28}},{"start":{"line":127,"column":32},"end":{"line":127,"column":41}}],"line":127}},"s":{"0":10,"1":10,"2":10,"3":10,"4":0,"5":10,"6":0,"7":10,"8":2,"9":10,"10":8,"11":10,"12":10,"13":4,"14":4,"15":4,"16":10,"17":10,"18":10,"19":10,"20":2,"21":8,"22":10,"23":10,"24":3,"25":3,"26":2,"27":3,"28":2,"29":10,"30":1,"31":10,"32":2,"33":2,"34":10,"35":0,"36":0,"37":0,"38":0,"39":0,"40":0,"41":0,"42":10},"f":{"0":10},"b":{"0":[0],"1":[0,10],"2":[0,10],"3":[2,8],"4":[8,2],"5":[4,6],"6":[4,0],"7":[2,8],"8":[3,7],"9":[2,1],"10":[2,1],"11":[1,9],"12":[2,8],"13":[0,10],"14":[10,10],"15":[0,0],"16":[0,0],"17":[0,0],"18":[0,0],"19":[0,0],"20":[0,0]},"_coverageSchema":"43e27e138ebf9cfc5966b082cf9a028302ed4184","hash":"76792f63f33f7bf2fa758e01c79ddf066eb73de4"}
,"/mnt/c/Users/endij/Desktop/Linux/Docusaurus/packages/docusaurus-plugin-content-docs/src/order.ts": {"path":"/mnt/c/Users/endij/Desktop/Linux/Docusaurus/packages/docusaurus-plugin-content-docs/src/order.ts","statementMap":{"0":{"start":{"line":18,"column":23},"end":{"line":18,"column":25}},"1":{"start":{"line":20,"column":2},"end":{"line":69,"column":5}},"2":{"start":{"line":21,"column":20},"end":{"line":21,"column":42}},"3":{"start":{"line":23,"column":26},"end":{"line":23,"column":28}},"4":{"start":{"line":24,"column":23},"end":{"line":45,"column":5}},"5":{"start":{"line":25,"column":6},"end":{"line":44,"column":9}},"6":{"start":{"line":26,"column":8},"end":{"line":43,"column":9}},"7":{"start":{"line":28,"column":12},"end":{"line":30,"column":15}},"8":{"start":{"line":31,"column":12},"end":{"line":31,"column":18}},"9":{"start":{"line":35,"column":12},"end":{"line":35,"column":18}},"10":{"start":{"line":37,"column":12},"end":{"line":37,"column":50}},"11":{"start":{"line":38,"column":12},"end":{"line":38,"column":18}},"12":{"start":{"line":40,"column":12},"end":{"line":42,"column":14}},"13":{"start":{"line":47,"column":4},"end":{"line":47,"column":33}},"14":{"start":{"line":50,"column":4},"end":{"line":68,"column":5}},"15":{"start":{"line":50,"column":17},"end":{"line":50,"column":18}},"16":{"start":{"line":51,"column":17},"end":{"line":51,"column":23}},"17":{"start":{"line":55,"column":6},"end":{"line":57,"column":7}},"18":{"start":{"line":56,"column":8},"end":{"line":56,"column":30}},"19":{"start":{"line":59,"column":6},"end":{"line":61,"column":7}},"20":{"start":{"line":60,"column":8},"end":{"line":60,"column":26}},"21":{"start":{"line":63,"column":6},"end":{"line":67,"column":8}},"22":{"start":{"line":71,"column":2},"end":{"line":71,"column":15}}},"fnMap":{"0":{"name":"createOrder","decl":{"start":{"line":17,"column":24},"end":{"line":17,"column":35}},"loc":{"start":{"line":17,"column":70},"end":{"line":72,"column":1}},"line":17},"1":{"name":"(anonymous_1)","decl":{"start":{"line":20,"column":35},"end":{"line":20,"column":36}},"loc":{"start":{"line":20,"column":48},"end":{"line":69,"column":3}},"line":20},"2":{"name":"(anonymous_2)","decl":{"start":{"line":24,"column":23},"end":{"line":24,"column":24}},"loc":{"start":{"line":24,"column":60},"end":{"line":45,"column":5}},"line":24},"3":{"name":"(anonymous_3)","decl":{"start":{"line":25,"column":20},"end":{"line":25,"column":21}},"loc":{"start":{"line":25,"column":28},"end":{"line":44,"column":7}},"line":25}},"branchMap":{"0":{"loc":{"start":{"line":17,"column":36},"end":{"line":17,"column":61}},"type":"default-arg","locations":[{"start":{"line":17,"column":59},"end":{"line":17,"column":61}}],"line":17},"1":{"loc":{"start":{"line":26,"column":8},"end":{"line":43,"column":9}},"type":"switch","locations":[{"start":{"line":27,"column":10},"end":{"line":31,"column":18}},{"start":{"line":32,"column":10},"end":{"line":32,"column":21}},{"start":{"line":33,"column":10},"end":{"line":35,"column":18}},{"start":{"line":36,"column":10},"end":{"line":38,"column":18}},{"start":{"line":39,"column":10},"end":{"line":42,"column":14}}],"line":26},"2":{"loc":{"start":{"line":55,"column":6},"end":{"line":57,"column":7}},"type":"if","locations":[{"start":{"line":55,"column":6},"end":{"line":57,"column":7}},{"start":{"line":55,"column":6},"end":{"line":57,"column":7}}],"line":55},"3":{"loc":{"start":{"line":59,"column":6},"end":{"line":61,"column":7}},"type":"if","locations":[{"start":{"line":59,"column":6},"end":{"line":61,"column":7}},{"start":{"line":59,"column":6},"end":{"line":61,"column":7}}],"line":59}},"s":{"0":8,"1":8,"2":9,"3":9,"4":9,"5":28,"6":43,"7":19,"8":19,"9":5,"10":19,"11":19,"12":0,"13":9,"14":9,"15":9,"16":19,"17":19,"18":10,"19":19,"20":10,"21":19,"22":7},"f":{"0":8,"1":9,"2":28,"3":43},"b":{"0":[1],"1":[19,2,5,19,0],"2":[10,9],"3":[10,9]},"_coverageSchema":"43e27e138ebf9cfc5966b082cf9a028302ed4184","hash":"aba6f4d74c86bce679be316a82063f5269b429b2"}
,"/mnt/c/Users/endij/Desktop/Linux/Docusaurus/packages/docusaurus-plugin-content-docs/src/sidebars.ts": {"path":"/mnt/c/Users/endij/Desktop/Linux/Docusaurus/packages/docusaurus-plugin-content-docs/src/sidebars.ts","statementMap":{"0":{"start":{"line":22,"column":22},"end":{"line":24,"column":3}},"1":{"start":{"line":23,"column":11},"end":{"line":23,"column":48}},"2":{"start":{"line":26,"column":2},"end":{"line":32,"column":3}},"3":{"start":{"line":27,"column":4},"end":{"line":31,"column":6}},"4":{"start":{"line":43,"column":2},"end":{"line":43,"column":43}},"5":{"start":{"line":45,"column":2},"end":{"line":49,"column":3}},"6":{"start":{"line":46,"column":4},"end":{"line":48,"column":6}},"7":{"start":{"line":51,"column":31},"end":{"line":77,"column":4}},"8":{"start":{"line":52,"column":4},"end":{"line":57,"column":5}},"9":{"start":{"line":53,"column":6},"end":{"line":56,"column":8}},"10":{"start":{"line":58,"column":4},"end":{"line":74,"column":5}},"11":{"start":{"line":60,"column":8},"end":{"line":60,"column":76}},"12":{"start":{"line":62,"column":8},"end":{"line":62,"column":44}},"13":{"start":{"line":63,"column":8},"end":{"line":63,"column":14}},"14":{"start":{"line":65,"column":8},"end":{"line":65,"column":33}},"15":{"start":{"line":66,"column":8},"end":{"line":66,"column":14}},"16":{"start":{"line":68,"column":8},"end":{"line":70,"column":9}},"17":{"start":{"line":69,"column":10},"end":{"line":69,"column":69}},"18":{"start":{"line":72,"column":8},"end":{"line":72,"column":33}},"19":{"start":{"line":73,"column":8},"end":{"line":73,"column":14}},"20":{"start":{"line":76,"column":4},"end":{"line":76,"column":31}},"21":{"start":{"line":79,"column":2},"end":{"line":79,"column":30}},"22":{"start":{"line":86,"column":2},"end":{"line":106,"column":4}},"23":{"start":{"line":90,"column":6},"end":{"line":99,"column":7}},"24":{"start":{"line":92,"column":8},"end":{"line":96,"column":12}},"25":{"start":{"line":92,"column":77},"end":{"line":96,"column":9}},"26":{"start":{"line":98,"column":8},"end":{"line":98,"column":36}},"27":{"start":{"line":101,"column":6},"end":{"line":101,"column":78}},"28":{"start":{"line":101,"column":53},"end":{"line":101,"column":76}},"29":{"start":{"line":103,"column":6},"end":{"line":103,"column":17}},"30":{"start":{"line":111,"column":32},"end":{"line":111,"column":34}},"31":{"start":{"line":112,"column":2},"end":{"line":114,"column":3}},"32":{"start":{"line":113,"column":4},"end":{"line":113,"column":57}},"33":{"start":{"line":115,"column":2},"end":{"line":115,"column":39}}},"fnMap":{"0":{"name":"assertItem","decl":{"start":{"line":21,"column":9},"end":{"line":21,"column":19}},"loc":{"start":{"line":21,"column":56},"end":{"line":33,"column":1}},"line":21},"1":{"name":"(anonymous_1)","decl":{"start":{"line":23,"column":4},"end":{"line":23,"column":5}},"loc":{"start":{"line":23,"column":11},"end":{"line":23,"column":48}},"line":23},"2":{"name":"normalizeCategory","decl":{"start":{"line":39,"column":9},"end":{"line":39,"column":26}},"loc":{"start":{"line":42,"column":23},"end":{"line":80,"column":1}},"line":42},"3":{"name":"(anonymous_3)","decl":{"start":{"line":51,"column":50},"end":{"line":51,"column":51}},"loc":{"start":{"line":51,"column":58},"end":{"line":77,"column":3}},"line":51},"4":{"name":"normalizeSidebar","decl":{"start":{"line":85,"column":9},"end":{"line":85,"column":25}},"loc":{"start":{"line":85,"column":57},"end":{"line":107,"column":1}},"line":85},"5":{"name":"(anonymous_5)","decl":{"start":{"line":87,"column":4},"end":{"line":87,"column":5}},"loc":{"start":{"line":87,"column":44},"end":{"line":104,"column":5}},"line":87},"6":{"name":"(anonymous_6)","decl":{"start":{"line":92,"column":56},"end":{"line":92,"column":57}},"loc":{"start":{"line":92,"column":77},"end":{"line":96,"column":9}},"line":92},"7":{"name":"(anonymous_7)","decl":{"start":{"line":101,"column":45},"end":{"line":101,"column":46}},"loc":{"start":{"line":101,"column":53},"end":{"line":101,"column":76}},"line":101},"8":{"name":"loadSidebars","decl":{"start":{"line":109,"column":24},"end":{"line":109,"column":36}},"loc":{"start":{"line":109,"column":67},"end":{"line":116,"column":1}},"line":109}},"branchMap":{"0":{"loc":{"start":{"line":23,"column":11},"end":{"line":23,"column":48}},"type":"binary-expr","locations":[{"start":{"line":23,"column":11},"end":{"line":23,"column":30}},{"start":{"line":23,"column":34},"end":{"line":23,"column":48}}],"line":23},"1":{"loc":{"start":{"line":26,"column":2},"end":{"line":32,"column":3}},"type":"if","locations":[{"start":{"line":26,"column":2},"end":{"line":32,"column":3}},{"start":{"line":26,"column":2},"end":{"line":32,"column":3}}],"line":26},"2":{"loc":{"start":{"line":41,"column":2},"end":{"line":41,"column":11}},"type":"default-arg","locations":[{"start":{"line":41,"column":10},"end":{"line":41,"column":11}}],"line":41},"3":{"loc":{"start":{"line":45,"column":2},"end":{"line":49,"column":3}},"type":"if","locations":[{"start":{"line":45,"column":2},"end":{"line":49,"column":3}},{"start":{"line":45,"column":2},"end":{"line":49,"column":3}}],"line":45},"4":{"loc":{"start":{"line":52,"column":4},"end":{"line":57,"column":5}},"type":"if","locations":[{"start":{"line":52,"column":4},"end":{"line":57,"column":5}},{"start":{"line":52,"column":4},"end":{"line":57,"column":5}}],"line":52},"5":{"loc":{"start":{"line":58,"column":4},"end":{"line":74,"column":5}},"type":"switch","locations":[{"start":{"line":59,"column":6},"end":{"line":60,"column":76}},{"start":{"line":61,"column":6},"end":{"line":63,"column":14}},{"start":{"line":64,"column":6},"end":{"line":66,"column":14}},{"start":{"line":67,"column":6},"end":{"line":73,"column":14}}],"line":58},"6":{"loc":{"start":{"line":68,"column":8},"end":{"line":70,"column":9}},"type":"if","locations":[{"start":{"line":68,"column":8},"end":{"line":70,"column":9}},{"start":{"line":68,"column":8},"end":{"line":70,"column":9}}],"line":68},"7":{"loc":{"start":{"line":90,"column":6},"end":{"line":99,"column":7}},"type":"if","locations":[{"start":{"line":90,"column":6},"end":{"line":99,"column":7}},{"start":{"line":90,"column":6},"end":{"line":99,"column":7}}],"line":90},"8":{"loc":{"start":{"line":112,"column":2},"end":{"line":114,"column":3}},"type":"if","locations":[{"start":{"line":112,"column":2},"end":{"line":114,"column":3}},{"start":{"line":112,"column":2},"end":{"line":114,"column":3}}],"line":112},"9":{"loc":{"start":{"line":112,"column":6},"end":{"line":112,"column":47}},"type":"binary-expr","locations":[{"start":{"line":112,"column":6},"end":{"line":112,"column":17}},{"start":{"line":112,"column":21},"end":{"line":112,"column":47}}],"line":112}},"s":{"0":14,"1":40,"2":14,"3":0,"4":10,"5":10,"6":0,"7":10,"8":22,"9":13,"10":9,"11":4,"12":2,"13":2,"14":2,"15":2,"16":1,"17":1,"18":0,"19":0,"20":4,"21":9,"22":5,"23":4,"24":3,"25":6,"26":1,"27":4,"28":6,"29":3,"30":5,"31":5,"32":4,"33":5},"f":{"0":14,"1":40,"2":10,"3":22,"4":5,"5":4,"6":6,"7":6,"8":5},"b":{"0":[40,14],"1":[0,14],"2":[6],"3":[0,10],"4":[13,9],"5":[4,2,2,1],"6":[1,0],"7":[3,1],"8":[4,1],"9":[5,4]},"_coverageSchema":"43e27e138ebf9cfc5966b082cf9a028302ed4184","hash":"9ff79683286277ceb3433ead9df7fd406b1f9d8b"}
}
