TN:
SF:/mnt/c/Users/endij/Desktop/Linux/Docusaurus/packages/docusaurus-plugin-content-docs/src/index.ts
FN:49,pluginContentDocs
FN:64,(anonymous_1)
FN:66,(anonymous_2)
FN:71,(anonymous_3)
FN:102,(anonymous_4)
FN:120,(anonymous_5)
FN:145,(anonymous_6)
FN:152,(anonymous_7)
FN:169,(anonymous_8)
FN:172,(anonymous_9)
FN:192,(anonymous_10)
FN:193,(anonymous_11)
FN:210,(anonymous_12)
FN:217,(anonymous_13)
FN:221,(anonymous_14)
FN:262,(anonymous_15)
FNF:16
FNH:10
FNDA:1,pluginContentDocs
FNDA:0,(anonymous_1)
FNDA:0,(anonymous_2)
FNDA:1,(anonymous_3)
FNDA:5,(anonymous_4)
FNDA:5,(anonymous_5)
FNDA:5,(anonymous_6)
FNDA:4,(anonymous_7)
FNDA:2,(anonymous_8)
FNDA:5,(anonymous_9)
FNDA:1,(anonymous_10)
FNDA:2,(anonymous_11)
FNDA:0,(anonymous_12)
FNDA:0,(anonymous_13)
FNDA:0,(anonymous_14)
FNDA:0,(anonymous_15)
DA:36,1
DA:53,1
DA:54,1
DA:55,1
DA:56,1
DA:61,1
DA:65,0
DA:66,0
DA:67,0
DA:79,1
DA:80,1
DA:81,1
DA:83,1
DA:84,0
DA:87,1
DA:90,1
DA:95,1
DA:98,1
DA:101,1
DA:103,5
DA:114,5
DA:119,1
DA:120,1
DA:123,5
DA:124,5
DA:125,2
DA:130,5
DA:131,5
DA:132,2
DA:137,5
DA:144,1
DA:145,1
DA:146,5
DA:147,5
DA:148,3
DA:152,1
DA:153,4
DA:154,4
DA:156,4
DA:157,0
DA:162,4
DA:169,1
DA:172,2
DA:173,5
DA:175,0
DA:178,4
DA:180,1
DA:182,0
DA:184,1
DA:186,2
DA:191,1
DA:193,1
DA:194,2
DA:196,1
DA:201,1
DA:211,0
DA:212,0
DA:215,0
DA:216,0
DA:217,0
DA:218,0
DA:220,0
DA:222,0
DA:226,0
DA:238,0
DA:243,0
DA:247,0
DA:252,0
DA:263,0
DA:264,0
DA:265,0
LF:71
LH:48
BRDA:65,0,0,0
BRDA:83,1,0,0
BRDA:83,1,1,1
BRDA:124,2,0,2
BRDA:124,2,1,3
BRDA:126,3,0,2
BRDA:126,3,1,0
BRDA:131,4,0,2
BRDA:131,4,1,3
BRDA:133,5,0,2
BRDA:133,5,1,0
BRDA:147,6,0,3
BRDA:147,6,1,2
BRDA:156,7,0,0
BRDA:156,7,1,4
BRDA:164,8,0,4
BRDA:164,8,1,4
BRDA:173,9,0,0
BRDA:173,9,1,1
BRDA:173,9,2,4
BRDA:173,9,3,1
BRDA:173,9,4,0
BRDA:211,10,0,0
BRDA:211,10,1,0
BRF:24
BRH:15
end_of_record
TN:
SF:/mnt/c/Users/endij/Desktop/Linux/Docusaurus/packages/docusaurus-plugin-content-docs/src/lastUpdate.ts
FN:18,getFileLastUpdate
FN:21,getTimestampAndAuthor
FNF:2
FNH:2
FNDA:7,getFileLastUpdate
FNDA:5,getTimestampAndAuthor
DA:14,3
DA:16,3
DA:22,5
DA:23,5
DA:26,0
DA:27,0
DA:33,7
DA:34,7
DA:35,1
DA:36,1
DA:37,1
DA:40,1
DA:43,6
DA:48,5
DA:50,1
DA:53,1
LF:16
LH:14
BRDA:22,0,0,5
BRDA:22,0,1,0
BRDA:27,1,0,0
BRDA:27,1,1,0
BRDA:27,2,0,0
BRDA:27,2,1,0
BRDA:34,3,0,1
BRDA:34,3,1,6
BRDA:35,4,0,1
BRDA:35,4,1,0
BRF:10
BRH:4
end_of_record
TN:
SF:/mnt/c/Users/endij/Desktop/Linux/Docusaurus/packages/docusaurus-plugin-content-docs/src/metadata.ts
FN:28,processMetadata
FNF:1
FNH:1
FNDA:12,processMetadata
DA:39,12
DA:41,12
DA:42,12
DA:45,12
DA:46,3
DA:49,12
DA:50,1
DA:54,11
DA:55,3
DA:58,11
DA:59,9
DA:62,11
DA:63,11
DA:64,4
DA:65,4
DA:66,4
DA:71,11
DA:72,11
DA:75,11
DA:79,11
DA:80,2
DA:87,9
DA:91,11
DA:92,11
DA:93,3
DA:94,3
DA:95,2
DA:97,3
DA:98,2
DA:102,11
DA:103,1
DA:106,11
DA:107,3
DA:108,3
DA:111,11
DA:114,1
DA:121,1
DA:122,1
DA:123,1
DA:124,1
DA:127,1
DA:128,1
DA:133,11
LF:43
LH:43
BRDA:42,0,0,0
BRDA:45,1,0,3
BRDA:45,1,1,9
BRDA:49,2,0,1
BRDA:49,2,1,11
BRDA:54,3,0,3
BRDA:54,3,1,8
BRDA:58,4,0,9
BRDA:58,4,1,2
BRDA:63,5,0,4
BRDA:63,5,1,7
BRDA:65,6,0,4
BRDA:65,6,1,0
BRDA:79,7,0,2
BRDA:79,7,1,9
BRDA:92,8,0,3
BRDA:92,8,1,8
BRDA:94,9,0,2
BRDA:94,9,1,1
BRDA:97,10,0,2
BRDA:97,10,1,1
BRDA:102,11,0,1
BRDA:102,11,1,10
BRDA:106,12,0,3
BRDA:106,12,1,8
BRDA:111,13,0,1
BRDA:111,13,1,10
BRDA:111,14,0,11
BRDA:111,14,1,10
BRDA:114,15,0,0
BRDA:114,15,1,1
BRDA:121,16,0,1
BRDA:121,16,1,0
BRDA:123,17,0,1
BRDA:123,17,1,0
BRDA:123,18,0,1
BRDA:123,18,1,1
BRDA:127,19,0,1
BRDA:127,19,1,0
BRDA:127,20,0,1
BRDA:127,20,1,1
BRF:41
BRH:35
end_of_record
TN:
SF:/mnt/c/Users/endij/Desktop/Linux/Docusaurus/packages/docusaurus-plugin-content-docs/src/order.ts
FN:17,createOrder
FN:20,(anonymous_1)
FN:24,(anonymous_2)
FN:25,(anonymous_3)
FNF:4
FNH:4
FNDA:9,createOrder
FNDA:10,(anonymous_1)
FNDA:30,(anonymous_2)
FNDA:45,(anonymous_3)
DA:18,9
DA:20,9
DA:21,10
DA:23,10
DA:24,10
DA:25,30
DA:26,45
DA:28,20
DA:31,19
DA:35,5
DA:37,19
DA:38,19
DA:40,1
DA:47,10
DA:50,9
DA:51,19
DA:55,19
DA:56,10
DA:59,19
DA:60,10
DA:63,19
DA:71,7
LF:22
LH:22
BRDA:17,0,0,1
BRDA:26,1,0,20
BRDA:26,1,1,2
BRDA:26,1,2,5
BRDA:26,1,3,19
BRDA:26,1,4,1
BRDA:55,2,0,10
BRDA:55,2,1,9
BRDA:59,3,0,10
BRDA:59,3,1,9
BRF:10
BRH:10
end_of_record
TN:
SF:/mnt/c/Users/endij/Desktop/Linux/Docusaurus/packages/docusaurus-plugin-content-docs/src/sidebars.ts
FN:21,assertItem
FN:23,(anonymous_1)
FN:37,normalizeCategory
FN:49,(anonymous_3)
FN:79,normalizeSidebar
FN:81,(anonymous_5)
FN:86,(anonymous_6)
FN:95,(anonymous_7)
FN:103,loadSidebars
FNF:9
FNH:9
FNDA:18,assertItem
FNDA:52,(anonymous_1)
FNDA:14,normalizeCategory
FNDA:26,(anonymous_3)
FNDA:7,normalizeSidebar
FNDA:6,(anonymous_5)
FNDA:9,(anonymous_6)
FNDA:8,(anonymous_7)
FNDA:7,loadSidebars
DA:22,18
DA:23,52
DA:26,18
DA:27,1
DA:41,14
DA:43,13
DA:44,1
DA:49,12
DA:50,26
DA:51,15
DA:56,11
DA:58,6
DA:60,2
DA:61,2
DA:64,2
DA:65,2
DA:67,1
DA:70,4
DA:73,9
DA:80,7
DA:84,6
DA:86,9
DA:92,1
DA:95,8
DA:97,3
DA:105,7
DA:106,7
DA:107,6
DA:109,7
LF:29
LH:29
BRDA:23,0,0,52
BRDA:23,0,1,19
BRDA:26,1,0,1
BRDA:26,1,1,17
BRDA:39,2,0,8
BRDA:43,3,0,1
BRDA:43,3,1,12
BRDA:50,4,0,15
BRDA:50,4,1,11
BRDA:56,5,0,6
BRDA:56,5,1,2
BRDA:56,5,2,2
BRDA:56,5,3,2
BRDA:56,5,4,1
BRDA:84,6,0,5
BRDA:84,6,1,1
BRDA:106,7,0,6
BRDA:106,7,1,1
BRDA:106,8,0,7
BRDA:106,8,1,6
BRF:20
BRH:20
end_of_record
