TN:
SF:/mnt/c/Users/endij/Desktop/Linux/Docusaurus/packages/docusaurus-plugin-content-docs/src/index.ts
FN:49,pluginContentDocs
FN:64,(anonymous_1)
FN:66,(anonymous_2)
FN:71,(anonymous_3)
FN:102,(anonymous_4)
FN:120,(anonymous_5)
FN:145,(anonymous_6)
FN:152,(anonymous_7)
FN:169,(anonymous_8)
FN:172,(anonymous_9)
FN:192,(anonymous_10)
FN:193,(anonymous_11)
FN:210,(anonymous_12)
FN:217,(anonymous_13)
FN:221,(anonymous_14)
FN:262,(anonymous_15)
FNF:16
FNH:10
FNDA:1,pluginContentDocs
FNDA:0,(anonymous_1)
FNDA:0,(anonymous_2)
FNDA:1,(anonymous_3)
FNDA:5,(anonymous_4)
FNDA:5,(anonymous_5)
FNDA:5,(anonymous_6)
FNDA:4,(anonymous_7)
FNDA:2,(anonymous_8)
FNDA:5,(anonymous_9)
FNDA:1,(anonymous_10)
FNDA:2,(anonymous_11)
FNDA:0,(anonymous_12)
FNDA:0,(anonymous_13)
FNDA:0,(anonymous_14)
FNDA:0,(anonymous_15)
DA:36,1
DA:53,1
DA:54,1
DA:55,1
DA:56,1
DA:61,1
DA:65,0
DA:66,0
DA:67,0
DA:79,1
DA:80,1
DA:81,1
DA:83,1
DA:84,0
DA:87,1
DA:90,1
DA:95,1
DA:98,1
DA:101,1
DA:103,5
DA:114,5
DA:119,1
DA:120,1
DA:123,5
DA:124,5
DA:125,2
DA:130,5
DA:131,5
DA:132,2
DA:137,5
DA:144,1
DA:145,1
DA:146,5
DA:147,5
DA:148,3
DA:152,1
DA:153,4
DA:154,4
DA:156,4
DA:157,0
DA:162,4
DA:169,1
DA:172,2
DA:173,5
DA:175,0
DA:178,4
DA:180,1
DA:182,0
DA:184,1
DA:186,2
DA:191,1
DA:193,1
DA:194,2
DA:196,1
DA:201,1
DA:211,0
DA:212,0
DA:215,0
DA:216,0
DA:217,0
DA:218,0
DA:220,0
DA:222,0
DA:226,0
DA:238,0
DA:243,0
DA:247,0
DA:252,0
DA:263,0
DA:264,0
DA:265,0
LF:71
LH:48
BRDA:65,0,0,0
BRDA:83,1,0,0
BRDA:83,1,1,1
BRDA:124,2,0,2
BRDA:124,2,1,3
BRDA:126,3,0,2
BRDA:126,3,1,0
BRDA:131,4,0,2
BRDA:131,4,1,3
BRDA:133,5,0,2
BRDA:133,5,1,0
BRDA:147,6,0,3
BRDA:147,6,1,2
BRDA:156,7,0,0
BRDA:156,7,1,4
BRDA:164,8,0,4
BRDA:164,8,1,4
BRDA:173,9,0,0
BRDA:173,9,1,1
BRDA:173,9,2,4
BRDA:173,9,3,1
BRDA:173,9,4,0
BRDA:211,10,0,0
BRDA:211,10,1,0
BRF:24
BRH:15
end_of_record
TN:
SF:/mnt/c/Users/endij/Desktop/Linux/Docusaurus/packages/docusaurus-plugin-content-docs/src/lastUpdate.ts
FN:17,getFileLastUpdate
FN:20,getTimestampAndAuthor
FNF:2
FNH:2
FNDA:5,getFileLastUpdate
FNDA:5,getTimestampAndAuthor
DA:13,3
DA:15,3
DA:21,5
DA:22,4
DA:25,1
DA:26,1
DA:32,5
DA:33,5
DA:34,0
DA:35,0
DA:36,0
DA:39,0
DA:42,5
DA:47,5
DA:49,0
DA:52,0
LF:16
LH:10
BRDA:21,0,0,4
BRDA:21,0,1,1
BRDA:26,1,0,0
BRDA:26,1,1,1
BRDA:26,2,0,1
BRDA:26,2,1,1
BRDA:33,3,0,0
BRDA:33,3,1,5
BRDA:34,4,0,0
BRDA:34,4,1,0
BRF:10
BRH:6
end_of_record
TN:
SF:/mnt/c/Users/endij/Desktop/Linux/Docusaurus/packages/docusaurus-plugin-content-docs/src/metadata.ts
FN:28,processMetadata
FNF:1
FNH:1
FNDA:10,processMetadata
DA:39,10
DA:41,10
DA:42,10
DA:45,10
DA:46,0
DA:49,10
DA:50,0
DA:54,10
DA:55,2
DA:58,10
DA:59,8
DA:62,10
DA:63,10
DA:64,4
DA:65,4
DA:66,4
DA:71,10
DA:72,10
DA:75,10
DA:79,10
DA:80,2
DA:87,8
DA:91,10
DA:92,10
DA:93,3
DA:94,3
DA:95,2
DA:97,3
DA:98,2
DA:102,10
DA:103,1
DA:106,10
DA:107,2
DA:108,2
DA:111,10
DA:114,0
DA:121,0
DA:122,0
DA:123,0
DA:124,0
DA:127,0
DA:128,0
DA:133,10
LF:43
LH:34
BRDA:42,0,0,0
BRDA:45,1,0,0
BRDA:45,1,1,10
BRDA:49,2,0,0
BRDA:49,2,1,10
BRDA:54,3,0,2
BRDA:54,3,1,8
BRDA:58,4,0,8
BRDA:58,4,1,2
BRDA:63,5,0,4
BRDA:63,5,1,6
BRDA:65,6,0,4
BRDA:65,6,1,0
BRDA:79,7,0,2
BRDA:79,7,1,8
BRDA:92,8,0,3
BRDA:92,8,1,7
BRDA:94,9,0,2
BRDA:94,9,1,1
BRDA:97,10,0,2
BRDA:97,10,1,1
BRDA:102,11,0,1
BRDA:102,11,1,9
BRDA:106,12,0,2
BRDA:106,12,1,8
BRDA:111,13,0,0
BRDA:111,13,1,10
BRDA:111,14,0,10
BRDA:111,14,1,10
BRDA:114,15,0,0
BRDA:114,15,1,0
BRDA:121,16,0,0
BRDA:121,16,1,0
BRDA:123,17,0,0
BRDA:123,17,1,0
BRDA:123,18,0,0
BRDA:123,18,1,0
BRDA:127,19,0,0
BRDA:127,19,1,0
BRDA:127,20,0,0
BRDA:127,20,1,0
BRF:41
BRH:24
end_of_record
TN:
SF:/mnt/c/Users/endij/Desktop/Linux/Docusaurus/packages/docusaurus-plugin-content-docs/src/order.ts
FN:17,createOrder
FN:20,(anonymous_1)
FN:24,(anonymous_2)
FN:25,(anonymous_3)
FNF:4
FNH:4
FNDA:8,createOrder
FNDA:9,(anonymous_1)
FNDA:28,(anonymous_2)
FNDA:43,(anonymous_3)
DA:18,8
DA:20,8
DA:21,9
DA:23,9
DA:24,9
DA:25,28
DA:26,43
DA:28,19
DA:31,19
DA:35,5
DA:37,19
DA:38,19
DA:40,0
DA:47,9
DA:50,9
DA:51,19
DA:55,19
DA:56,10
DA:59,19
DA:60,10
DA:63,19
DA:71,7
LF:22
LH:21
BRDA:17,0,0,1
BRDA:26,1,0,19
BRDA:26,1,1,2
BRDA:26,1,2,5
BRDA:26,1,3,19
BRDA:26,1,4,0
BRDA:55,2,0,10
BRDA:55,2,1,9
BRDA:59,3,0,10
BRDA:59,3,1,9
BRF:10
BRH:9
end_of_record
TN:
SF:/mnt/c/Users/endij/Desktop/Linux/Docusaurus/packages/docusaurus-plugin-content-docs/src/sidebars.ts
FN:21,assertItem
FN:23,(anonymous_1)
FN:39,normalizeCategory
FN:51,(anonymous_3)
FN:85,normalizeSidebar
FN:87,(anonymous_5)
FN:92,(anonymous_6)
FN:101,(anonymous_7)
FN:109,loadSidebars
FNF:9
FNH:9
FNDA:14,assertItem
FNDA:40,(anonymous_1)
FNDA:10,normalizeCategory
FNDA:22,(anonymous_3)
FNDA:5,normalizeSidebar
FNDA:4,(anonymous_5)
FNDA:6,(anonymous_6)
FNDA:6,(anonymous_7)
FNDA:5,loadSidebars
DA:22,14
DA:23,40
DA:26,14
DA:27,0
DA:43,10
DA:45,10
DA:46,0
DA:51,10
DA:52,22
DA:53,13
DA:58,9
DA:60,4
DA:62,2
DA:63,2
DA:65,2
DA:66,2
DA:68,1
DA:69,1
DA:72,0
DA:73,0
DA:76,4
DA:79,9
DA:86,5
DA:90,4
DA:92,6
DA:98,1
DA:101,6
DA:103,3
DA:111,5
DA:112,5
DA:113,4
DA:115,5
LF:32
LH:28
BRDA:23,0,0,40
BRDA:23,0,1,14
BRDA:26,1,0,0
BRDA:26,1,1,14
BRDA:41,2,0,6
BRDA:45,3,0,0
BRDA:45,3,1,10
BRDA:52,4,0,13
BRDA:52,4,1,9
BRDA:58,5,0,4
BRDA:58,5,1,2
BRDA:58,5,2,2
BRDA:58,5,3,1
BRDA:68,6,0,1
BRDA:68,6,1,0
BRDA:90,7,0,3
BRDA:90,7,1,1
BRDA:112,8,0,4
BRDA:112,8,1,1
BRDA:112,9,0,5
BRDA:112,9,1,4
BRF:21
BRH:18
end_of_record
TN:
SF:/mnt/c/Users/endij/Desktop/Linux/Docusaurus/packages/docusaurus-plugin-content-docs/src/__tests__/__fixtures__/website/sidebars-category.js
FNF:0
FNH:0
DA:8,1
LF:1
LH:1
BRF:0
BRH:0
end_of_record
TN:
SF:/mnt/c/Users/endij/Desktop/Linux/Docusaurus/packages/docusaurus-utils/lib/index.js
FN:8,(anonymous_0)
FN:9,adopt
FN:9,(anonymous_2)
FN:10,(anonymous_3)
FN:11,fulfilled
FN:12,rejected
FN:13,step
FN:17,(anonymous_7)
FN:28,generate
FN:29,(anonymous_9)
FN:48,fileToPath
FN:55,encodePath
FN:58,(anonymous_12)
FN:65,docuHash
FN:79,genComponentName
FN:91,posixPath
FN:104,genChunkName
FN:130,idx
FN:134,(anonymous_18)
FN:141,getSubFolder
FN:149,parse
FN:151,(anonymous_21)
FN:162,normalizeUrl
FNF:23
FNH:6
FNDA:0,(anonymous_0)
FNDA:0,adopt
FNDA:0,(anonymous_2)
FNDA:0,(anonymous_3)
FNDA:0,fulfilled
FNDA:0,rejected
FNDA:0,step
FNDA:10,(anonymous_7)
FNDA:0,generate
FNDA:0,(anonymous_9)
FNDA:0,fileToPath
FNDA:0,encodePath
FNDA:0,(anonymous_12)
FNDA:0,docuHash
FNDA:0,genComponentName
FNDA:0,posixPath
FNDA:0,genChunkName
FNDA:18,idx
FNDA:36,(anonymous_18)
FNDA:0,getSubFolder
FNDA:10,parse
FNDA:10,(anonymous_21)
FNDA:9,normalizeUrl
DA:8,2
DA:9,0
DA:10,0
DA:11,0
DA:12,0
DA:13,0
DA:14,0
DA:17,2
DA:18,10
DA:20,2
DA:21,2
DA:22,2
DA:23,2
DA:24,2
DA:25,2
DA:26,2
DA:27,2
DA:29,0
DA:30,0
DA:31,0
DA:32,0
DA:35,0
DA:36,0
DA:37,0
DA:38,0
DA:42,2
DA:43,2
DA:44,2
DA:49,0
DA:50,0
DA:52,0
DA:54,2
DA:56,0
DA:58,0
DA:61,2
DA:66,0
DA:67,0
DA:69,0
DA:73,0
DA:75,2
DA:80,0
DA:81,0
DA:83,0
DA:84,0
DA:85,0
DA:87,2
DA:92,0
DA:93,0
DA:94,0
DA:95,0
DA:97,0
DA:99,2
DA:100,2
DA:105,0
DA:106,0
DA:107,0
DA:108,0
DA:114,0
DA:115,0
DA:116,0
DA:120,0
DA:122,0
DA:123,0
DA:125,0
DA:127,0
DA:129,2
DA:131,18
DA:134,36
DA:137,2
DA:142,0
DA:143,0
DA:144,0
DA:145,0
DA:146,0
DA:148,2
DA:150,10
DA:152,10
DA:158,10
DA:159,10
DA:161,2
DA:163,9
DA:164,9
DA:166,9
DA:167,0
DA:168,0
DA:172,9
DA:173,9
DA:175,9
DA:176,26
DA:177,26
DA:178,0
DA:180,26
DA:182,0
DA:184,26
DA:186,17
DA:190,26
DA:191,26
DA:193,9
DA:196,9
DA:198,9
DA:199,9
DA:201,9
DA:202,9
DA:204,2
LF:104
LH:50
BRDA:8,0,0,2
BRDA:8,0,1,0
BRDA:8,0,2,2
BRDA:9,1,0,0
BRDA:9,1,1,0
BRDA:10,2,0,0
BRDA:10,2,1,0
BRDA:13,3,0,0
BRDA:13,3,1,0
BRDA:14,4,0,0
BRDA:14,4,1,0
BRDA:17,5,0,2
BRDA:17,5,1,0
BRDA:17,5,2,2
BRDA:18,6,0,0
BRDA:18,6,1,10
BRDA:18,7,0,10
BRDA:18,7,1,10
BRDA:35,8,0,0
BRDA:35,8,1,0
BRDA:49,9,0,0
BRDA:49,9,1,0
BRDA:66,10,0,0
BRDA:66,10,1,0
BRDA:80,11,0,0
BRDA:80,11,1,0
BRDA:94,12,0,0
BRDA:94,12,1,0
BRDA:94,13,0,0
BRDA:94,13,1,0
BRDA:106,14,0,0
BRDA:106,14,1,0
BRDA:107,15,0,0
BRDA:107,15,1,0
BRDA:115,16,0,0
BRDA:115,16,1,0
BRDA:122,17,0,0
BRDA:122,17,1,0
BRDA:123,18,0,0
BRDA:123,18,1,0
BRDA:131,19,0,18
BRDA:131,19,1,18
BRDA:131,19,2,18
BRDA:133,20,0,18
BRDA:133,20,1,0
BRDA:134,21,0,36
BRDA:134,21,1,36
BRDA:146,22,0,0
BRDA:146,22,1,0
BRDA:166,23,0,0
BRDA:166,23,1,9
BRDA:166,24,0,9
BRDA:166,24,1,0
BRDA:172,25,0,0
BRDA:172,25,1,9
BRDA:177,26,0,0
BRDA:177,26,1,26
BRDA:180,27,0,0
BRDA:180,27,1,26
BRDA:184,28,0,17
BRDA:184,28,1,9
BRDA:190,29,0,17
BRDA:190,29,1,9
BRDA:199,30,0,0
BRDA:199,30,1,9
BRF:65
BRH:23
end_of_record
